n/arrow_down.png
n/photo_camera_grey600_24dp.png
n/googlelogo_dark_color_188x64dp.png
n/1603364920422.jpg
n/1603364920421.jpg
n/1603364920420.jpg
n/1603364920419.jpg
n/1603364920418.jpg
n/1603364920415.jpg
n/1603364920414.jpg
n/1603364920399.jpg
n/1603364920397.jpg
n/1603364920396.jpg
n/1603364920395.jpg
n/1603364920394.jpg
n/1603364920393.jpg
n/1603364920353.jpg
n/1603364920521.jpg
n/1603364920352.jpg
n/1603364920392.jpg
n/1603364920520.jpg
n/1603364920391.jpg
n/1603364920351.jpg
n/1603364920386.jpg
n/1603364920337.jpg
n/1603364920375.jpg
n/1603364920336.jpg
n/1603364920364.jpg
n/1603364920500.jpg
n/1603364920350.jpg
n/1603364920519.jpg
n/1603364920489.jpg
n/1603364920349.jpg
n/1603364920518.jpg
n/1603364920320.jpg
n/1603364920469.jpg
n/1603364920458.jpg
n/1603364920341.jpg
n/1603364920447.jpg
n/1603364920319.jpg
n/9k_.jpg
n/1603364920436.jpg
n/1603364920512.jpg
n/1603364920425.jpg
n/1603364920318.jpg
n/ADGmqu_RdWKllxB2F7GriqB--1SWd5reCatfuYeBOwPT3Q_s128-b16-cc-rp-mo.png
n/ADGmqu_RdWKllxB2F7GriqB--1SWd5reCatfuYeBOwPT3Q_s32-c-mo.jpg
n/p1_1c167055.png
n/1603364920363.jpg
n/images.jpg
n/1603364920398.jpg
n/1603364920307.jpg
n/2Q__.jpg
n/Z.jpg
n/1603364920363.png
n/1603364920511.png
n/1603364920358.png
n/1603364920506.jpg
n/1603364920505.jpg
n/1603364920504.jpg
n/1603364920503.jpg
n/1603364920502.jpg
n/1603364920501.jpg
n/1603364920498.jpg
n/1603364920499.jpg
n/1603364920497.jpg
n/1603364920495.jpg
n/1603364920496.jpg
n/1603364920494.jpg
n/1603364920492.jpg
n/1603364920493.jpg
n/1603364920490.jpg
n/1603364920491.jpg
n/1603364920488.jpg
n/1603364920487.jpg
n/1603364920486.jpg
n/1603364920485.jpg
n/1603364920484.jpg
n/1603364920483.jpg
n/1603364920482.jpg
n/1603364920481.jpg
n/1603364920479.jpg
n/1603364920480.jpg
n/1603364920468.jpg
n/1603364920467.jpg
n/1603364920466.jpg
n/1603364920465.jpg
n/1603364920464.jpg
n/1603364920463.jpg
n/1603364920462.jpg
n/1603364920460.jpg
n/1603364920461.jpg
n/1603364920459.jpg
n/1603364920457.jpg
n/1603364920456.jpg
n/1603364920455.jpg
n/1603364920454.jpg
n/1603364920453.jpg
n/1603364920452.jpg
n/1603364920451.jpg
n/1603364920450.jpg
n/1603364920449.jpg
n/1603364920448.jpg
n/1603364920446.jpg
n/1603364920445.jpg
n/1603364920356.jpg
n/1603364920444.jpg
n/1603364920443.jpg
n/1603364920441.jpg
n/1603364920355.jpg
n/1603364920442.jpg
n/1603364920524.jpg
n/1603364920523.jpg
n/1603364920522.jpg
n/1603364920440.jpg
n/1603364920439.jpg
n/1603364920516.jpg
n/1603364920310.jpg
n/1603364920437.jpg
n/1603364920438.jpg
n/1603364920309.jpg
n/1603364920354.jpg
n/1603364920434.jpg
n/1603364920435.jpg
n/1603364920432.jpg
n/1603364920433.jpg
n/1603364920431.jpg
n/1603364920347.jpg
n/1603364920515.jpg
n/1603364920346.jpg
n/1603364920345.jpg
n/1603364920308.jpg
n/1603364920430.jpg
n/1603364920514.jpg
n/1603364920428.jpg
n/1603364920429.jpg
n/1603364920427.jpg
n/1603364920344.jpg
n/1603364920343.jpg
n/1603364920340.jpg
n/1603364920426.jpg
n/1603364920424.jpg
n/1603364920342.jpg
n/1603364920339.jpg
n/1603364920390.jpg
n/1603364920389.jpg
n/1603364920423.jpg
n/1603364920388.jpg
n/1603364920387.jpg
n/1603364920384.jpg
n/1603364920383.jpg
n/1603364920385.jpg
n/images.png
n/1603364920382.jpg
n/1603364920380.jpg
n/1603364920381.jpg
n/1603364920379.jpg
n/1603364920378.jpg
n/1603364920374.jpg
n/1603364920377.jpg
n/1603364920376.jpg
n/1603364920373.jpg
n/1603364920371.jpg
n/1603364920372.jpg
n/1603364920369.jpg
n/1603364920370.jpg
n/1603364920513.jpg
n/1603364920338.jpg
n/1603364920525.jpg
n/1603364920368.jpg
n/1603364920316.jpg
n/1603364920367.jpg
n/1603364920315.jpg
n/1603364920517.jpg
n/1603364920366.jpg
n/1603364920365.jpg
n/1603364920356.png
n/1603364920313.jpg
n/1603364920314.jpg
n/1603364920510.jpg
n/1603364920357.jpg
n/1603364920510.png
n/1603364920508.jpg
n/1603364920312.jpg
n/1603364920509.jpg
n/1603364920507.jpg
n/1603364920348.jpg
n/1603364920311.jpg
n/1603364920317.jpg