p/1603364920576.jpg 1 0 0 275 183
p/1603364920566.jpg 1 0 0 286 176
p/1603364920565.jpg 1 0 0 305 165
p/1603364920564.jpg 1 0 0 257 196
p/1603364920766.jpg 1 0 0 282 179
p/1603364920578.jpg 1 0 0 265 190
p/1603364920743.jpg 1 0 0 250 202
p/1603364920562.jpg 1 0 0 317 159
p/1603364920561.jpg 1 0 0 228 221
p/1603364920567.jpg 1 0 0 295 171
p/1603364920577.jpg 1 0 0 279 180
p/1603364920633.jpg 1 0 0 285 177
p/1603364920627.jpg 1 0 0 300 168
p/1603364920623.jpg 1 0 0 259 194
p/1603364920600.jpg 1 0 0 287 176
p/1603364920559.jpg 1 0 0 272 185
p/1603364920770.jpg 1 0 0 258 195
p/1603364920769.jpg 1 0 0 300 168
p/1603364920558.jpg 1 0 0 275 183
p/1603364920773.jpg 1 0 0 287 175
p/1603364920582.jpg 1 0 0 311 162
p/1603364920772.jpg 1 0 0 259 194
p/1603364920556.jpg 1 0 0 259 194
p/1603364920557.jpg 1 0 0 287 176
p/1603364920555.jpg 1 0 0 276 183
p/1603364920553.jpg 1 0 0 275 183
p/1603364920585.jpg 1 0 0 300 168
p/1603364920554.jpg 1 0 0 251 201
p/1603364920771.jpg 1 0 0 300 168
p/1603364920584.jpg 1 0 0 254 198
p/1603364920774.jpg 1 0 0 300 168
p/1603364920739.jpg 1 0 0 100 100
p/1603364920642.jpg 1 0 0 100 100
p/1603364920560.jpg 1 0 0 318 159
p/1603364920583.jpg 1 0 0 259 194
p/1603364920598.jpg 1 0 0 296 170
p/1603364920738.jpg 1 0 0 228 221
p/1603364920737.jpg 1 0 0 275 183
p/1603364920736.jpg 1 0 0 300 168
p/1603364920734.jpg 1 0 0 300 168
p/1603364920732.jpg 1 0 0 259 194
p/1603364920731.jpg 1 0 0 300 168
p/1603364920730.jpg 1 0 0 268 188
p/1603364920729.jpg 1 0 0 299 168
p/1603364920726.jpg 1 0 0 259 194
p/1603364920728.jpg 1 0 0 259 194
p/1603364920727.jpg 1 0 0 291 173
p/1603364920725.jpg 1 0 0 259 194
p/1603364920723.jpg 1 0 0 340 148
p/1603364920722.jpg 1 0 0 259 194
p/1603364920721.jpg 1 0 0 259 194
p/1603364920720.jpg 1 0 0 259 194
p/1603364920719.jpg 1 0 0 289 174
p/1603364920718.jpg 1 0 0 259 194
p/1603364920716.jpg 1 0 0 239 211
p/1603364920715.jpg 1 0 0 287 176
p/1603364920714.jpg 1 0 0 286 176
p/1603364920712.jpg 1 0 0 300 168
p/1603364920710.jpg 1 0 0 300 168
p/1603364920711.jpg 1 0 0 225 225
p/1603364920709.jpg 1 0 0 168 300
p/1603364920708.jpg 1 0 0 194 259
p/1603364920707.jpg 1 0 0 259 194
p/1603364920665.jpg 1 0 0 265 190
p/1603364920697.jpg 1 0 0 268 188
p/1603364920664.jpg 1 0 0 300 168
p/1603364920661.jpg 1 0 0 286 176
p/1603364920662.jpg 1 0 0 286 176
p/1603364920660.jpg 1 0 0 276 183
p/1603364920659.jpg 1 0 0 194 259
p/1603364920657.jpg 1 0 0 275 183
p/1603364920658.jpg 1 0 0 260 194
p/1603364920656.jpg 1 0 0 288 175
p/1603364920655.jpg 1 0 0 259 194
p/1603364920653.jpg 1 0 0 300 168
p/1603364920652.jpg 1 0 0 290 174
p/1603364920643.jpg 1 0 0 225 225
p/1603364920641.jpg 1 0 0 100 100
p/1603364920640.jpg 1 0 0 100 100
p/1603364920638.jpg 1 0 0 100 100
p/1603364920639.jpg 1 0 0 100 100
p/1603364920637.jpg 1 0 0 100 100
p/1603364920634.jpg 1 0 0 300 168
p/1603364920636.jpg 1 0 0 300 168
p/1603364920632.jpg 1 0 0 259 194
p/1603364920631.jpg 1 0 0 275 183
p/1603364920630.jpg 1 0 0 225 225
p/1603364920629.jpg 1 0 0 259 194
p/1603364920768.jpg 1 0 0 335 150
p/1603364920574.jpg 1 0 0 264 191
p/1603364920581.jpg 1 0 0 287 176
p/1603364920628.jpg 1 0 0 328 154
p/1603364920626.jpg 1 0 0 292 172
p/1603364920573.jpg 1 0 0 290 174
p/1603364920625.jpg 1 0 0 259 194
p/1603364920580.jpg 1 0 0 258 195
p/1603364920767.jpg 1 0 0 299 169
p/1603364920612.jpg 1 0 0 300 168
p/1603364920572.jpg 1 0 0 303 166
p/1603364920579.jpg 1 0 0 300 168
p/1603364920611.jpg 1 0 0 244 206
p/1603364920575.jpg 1 0 0 313 161
p/1603364920610.jpg 1 0 0 300 168
p/1603364920609.jpg 1 0 0 288 175
p/1603364920740.jpg 1 0 0 263 192
p/1603364920608.jpg 1 0 0 300 168
p/1603364920571.jpg 1 0 0 331 152
p/1603364920607.jpg 1 0 0 259 194
p/Z.jpg 1 0 0 280 180
p/9k_.jpg 1 0 0 275 183
p/1603364920606.jpg 1 0 0 194 259
p/1603364920605.jpg 1 0 0 287 176
p/1603364920570.jpg 1 0 0 279 180
p/1603364920569.jpg 1 0 0 293 172
p/1603364920568.jpg 1 0 0 340 148
p/1603364920563.jpg 1 0 0 257 196
p/1603364920735.jpg 1 0 0 294 171
p/1603364920724.jpg 1 0 0 279 181
p/1603364920552.jpg 1 0 0 271 186
p/2Q__.jpg 1 0 0 259 194
p/1603364920713.jpg 1 0 0 154 328
p/1603364920663.jpg 1 0 0 300 168
p/1603364920654.jpg 1 0 0 259 195
p/1603364920635.jpg 1 0 0 194 259
p/1603364920624.jpg 1 0 0 100 100
p/1603364920599.jpg 1 0 0 100 100
p/images.jpg 1 0 0 100 100